INFO: [VRFC 10-2263] Analyzing Verilog file "C:/Users/nitheesh/Desktop/Course work/advanced_encryption_algorithm/advanced_encryption_algorithm.srcs/sources_1/new/addRoundkey.v" into library xil_defaultlib
INFO: [VRFC 10-311] analyzing module addRoundkey
INFO: [VRFC 10-2263] Analyzing Verilog file "C:/Users/nitheesh/Desktop/Course work/advanced_encryption_algorithm/advanced_encryption_algorithm.srcs/sources_1/new/keySchedule.v" into library xil_defaultlib
INFO: [VRFC 10-311] analyzing module keySchedule
INFO: [VRFC 10-2263] Analyzing Verilog file "C:/Users/nitheesh/Desktop/Course work/advanced_encryption_algorithm/advanced_encryption_algorithm.srcs/sources_1/new/mixColumns.v" into library xil_defaultlib
INFO: [VRFC 10-311] analyzing module mixColumns
INFO: [VRFC 10-2263] Analyzing Verilog file "C:/Users/nitheesh/Desktop/Course work/advanced_encryption_algorithm/advanced_encryption_algorithm.srcs/sources_1/new/mixColumns_32bit.v" into library xil_defaultlib
INFO: [VRFC 10-311] analyzing module mixColumns_32bit
INFO: [VRFC 10-2263] Analyzing Verilog file "C:/Users/nitheesh/Desktop/Course work/advanced_encryption_algorithm/advanced_encryption_algorithm.srcs/sources_1/new/mixColumns_8bit0.v" into library xil_defaultlib
INFO: [VRFC 10-311] analyzing module mixColumns_8bit0
INFO: [VRFC 10-2263] Analyzing Verilog file "C:/Users/nitheesh/Desktop/Course work/advanced_encryption_algorithm/advanced_encryption_algorithm.srcs/sources_1/new/mixColumns_8bit1.v" into library xil_defaultlib
INFO: [VRFC 10-311] analyzing module mixColumns_8bit1
INFO: [VRFC 10-2263] Analyzing Verilog file "C:/Users/nitheesh/Desktop/Course work/advanced_encryption_algorithm/advanced_encryption_algorithm.srcs/sources_1/new/mixColumns_8bit2.v" into library xil_defaultlib
INFO: [VRFC 10-311] analyzing module mixColumns_8bit2
INFO: [VRFC 10-2263] Analyzing Verilog file "C:/Users/nitheesh/Desktop/Course work/advanced_encryption_algorithm/advanced_encryption_algorithm.srcs/sources_1/new/mixColumns_8bit3.v" into library xil_defaultlib
INFO: [VRFC 10-311] analyzing module mixColumns_8bit3
INFO: [VRFC 10-2263] Analyzing Verilog file "C:/Users/nitheesh/Desktop/Course work/advanced_encryption_algorithm/advanced_encryption_algorithm.srcs/sources_1/new/shiftRows.v" into library xil_defaultlib
INFO: [VRFC 10-311] analyzing module shiftRows
INFO: [VRFC 10-2263] Analyzing Verilog file "C:/Users/nitheesh/Desktop/Course work/advanced_encryption_algorithm/advanced_encryption_algorithm.srcs/sources_1/new/subBytes.v" into library xil_defaultlib
INFO: [VRFC 10-311] analyzing module subBytes
INFO: [VRFC 10-2263] Analyzing Verilog file "C:/Users/nitheesh/Desktop/Course work/advanced_encryption_algorithm/advanced_encryption_algorithm.srcs/sources_1/new/top.v" into library xil_defaultlib
INFO: [VRFC 10-311] analyzing module top
INFO: [VRFC 10-2263] Analyzing Verilog file "C:/Users/nitheesh/Desktop/Course work/advanced_encryption_algorithm/advanced_encryption_algorithm.srcs/sim_1/new/top_testbench.v" into library xil_defaultlib
INFO: [VRFC 10-311] analyzing module top_testbench
