Vivado Simulator 2018.2
Copyright 1986-1999, 2001-2018 Xilinx, Inc. All Rights Reserved.
Running: C:/Xilinx/Vivado/2018.2/bin/unwrapped/win64.o/xelab.exe -wto 5e13c2c4ab214eb797891f12ac694d04 --incr --debug typical --relax --mt 2 -L xil_defaultlib -L unisims_ver -L unimacro_ver -L secureip --snapshot top_testbench_behav xil_defaultlib.top_testbench xil_defaultlib.glbl -log elaborate.log 
Using 2 slave threads.
Starting static elaboration
Completed static elaboration
Starting simulation data flow analysis
Completed simulation data flow analysis
Time Resolution for simulation is 1ps
Compiling module xil_defaultlib.addRoundkey_default
Compiling module xil_defaultlib.subBytes_default
Compiling module xil_defaultlib.shiftRows
Compiling module xil_defaultlib.mixColumns_8bit0
Compiling module xil_defaultlib.mixColumns_8bit1
Compiling module xil_defaultlib.mixColumns_8bit2
Compiling module xil_defaultlib.mixColumns_8bit3
Compiling module xil_defaultlib.mixColumns_32bit
Compiling module xil_defaultlib.mixColumns
Compiling module xil_defaultlib.keySchedule
Compiling module xil_defaultlib.top
Compiling module xil_defaultlib.top_testbench
Compiling module xil_defaultlib.glbl
Built simulation snapshot top_testbench_behav
