Copyright 1986-2018 Xilinx, Inc. All Rights Reserved.
-----------------------------------------------------------------------------------------------------------------------------------------------
| Tool Version : Vivado v.2018.2 (win64) Build 2258646 Thu Jun 14 20:03:12 MDT 2018
| Date         : Tue Apr  9 13:37:12 2019
| Host         : DESKTOP-NKOTRQL running 64-bit major release  (build 9200)
| Command      : report_methodology -file top_methodology_drc_routed.rpt -pb top_methodology_drc_routed.pb -rpx top_methodology_drc_routed.rpx
| Design       : top
| Device       : xc7vx485tffg1761-2
| Speed File   : -2
| Design State : Routed
-----------------------------------------------------------------------------------------------------------------------------------------------

Report Methodology

Table of Contents
-----------------
1. REPORT SUMMARY
2. REPORT DETAILS

1. REPORT SUMMARY
-----------------
            Netlist: netlist
          Floorplan: design_1
      Design limits: <entire design considered>
             Max violations: <unlimited>
             Violations found: 388
+-----------+----------+-----------------------------------+------------+
| Rule      | Severity | Description                       | Violations |
+-----------+----------+-----------------------------------+------------+
| TIMING-18 | Warning  | Missing input or output delay     | 387        |
| XDCB-2    | Warning  | Clock defined on multiple objects | 1          |
+-----------+----------+-----------------------------------+------------+

2. REPORT DETAILS
-----------------
TIMING-18#1 Warning
Missing input or output delay  
An input delay is missing on data_i[0] relative to clock(s) clk
Related violations: <none>

TIMING-18#2 Warning
Missing input or output delay  
An input delay is missing on data_i[100] relative to clock(s) clk
Related violations: <none>

TIMING-18#3 Warning
Missing input or output delay  
An input delay is missing on data_i[101] relative to clock(s) clk
Related violations: <none>

TIMING-18#4 Warning
Missing input or output delay  
An input delay is missing on data_i[102] relative to clock(s) clk
Related violations: <none>

TIMING-18#5 Warning
Missing input or output delay  
An input delay is missing on data_i[103] relative to clock(s) clk
Related violations: <none>

TIMING-18#6 Warning
Missing input or output delay  
An input delay is missing on data_i[104] relative to clock(s) clk
Related violations: <none>

TIMING-18#7 Warning
Missing input or output delay  
An input delay is missing on data_i[105] relative to clock(s) clk
Related violations: <none>

TIMING-18#8 Warning
Missing input or output delay  
An input delay is missing on data_i[106] relative to clock(s) clk
Related violations: <none>

TIMING-18#9 Warning
Missing input or output delay  
An input delay is missing on data_i[107] relative to clock(s) clk
Related violations: <none>

TIMING-18#10 Warning
Missing input or output delay  
An input delay is missing on data_i[108] relative to clock(s) clk
Related violations: <none>

TIMING-18#11 Warning
Missing input or output delay  
An input delay is missing on data_i[109] relative to clock(s) clk
Related violations: <none>

TIMING-18#12 Warning
Missing input or output delay  
An input delay is missing on data_i[10] relative to clock(s) clk
Related violations: <none>

TIMING-18#13 Warning
Missing input or output delay  
An input delay is missing on data_i[110] relative to clock(s) clk
Related violations: <none>

TIMING-18#14 Warning
Missing input or output delay  
An input delay is missing on data_i[111] relative to clock(s) clk
Related violations: <none>

TIMING-18#15 Warning
Missing input or output delay  
An input delay is missing on data_i[112] relative to clock(s) clk
Related violations: <none>

TIMING-18#16 Warning
Missing input or output delay  
An input delay is missing on data_i[113] relative to clock(s) clk
Related violations: <none>

TIMING-18#17 Warning
Missing input or output delay  
An input delay is missing on data_i[114] relative to clock(s) clk
Related violations: <none>

TIMING-18#18 Warning
Missing input or output delay  
An input delay is missing on data_i[115] relative to clock(s) clk
Related violations: <none>

TIMING-18#19 Warning
Missing input or output delay  
An input delay is missing on data_i[116] relative to clock(s) clk
Related violations: <none>

TIMING-18#20 Warning
Missing input or output delay  
An input delay is missing on data_i[117] relative to clock(s) clk
Related violations: <none>

TIMING-18#21 Warning
Missing input or output delay  
An input delay is missing on data_i[118] relative to clock(s) clk
Related violations: <none>

TIMING-18#22 Warning
Missing input or output delay  
An input delay is missing on data_i[119] relative to clock(s) clk
Related violations: <none>

TIMING-18#23 Warning
Missing input or output delay  
An input delay is missing on data_i[11] relative to clock(s) clk
Related violations: <none>

TIMING-18#24 Warning
Missing input or output delay  
An input delay is missing on data_i[120] relative to clock(s) clk
Related violations: <none>

TIMING-18#25 Warning
Missing input or output delay  
An input delay is missing on data_i[121] relative to clock(s) clk
Related violations: <none>

TIMING-18#26 Warning
Missing input or output delay  
An input delay is missing on data_i[122] relative to clock(s) clk
Related violations: <none>

TIMING-18#27 Warning
Missing input or output delay  
An input delay is missing on data_i[123] relative to clock(s) clk
Related violations: <none>

TIMING-18#28 Warning
Missing input or output delay  
An input delay is missing on data_i[124] relative to clock(s) clk
Related violations: <none>

TIMING-18#29 Warning
Missing input or output delay  
An input delay is missing on data_i[125] relative to clock(s) clk
Related violations: <none>

TIMING-18#30 Warning
Missing input or output delay  
An input delay is missing on data_i[126] relative to clock(s) clk
Related violations: <none>

TIMING-18#31 Warning
Missing input or output delay  
An input delay is missing on data_i[127] relative to clock(s) clk
Related violations: <none>

TIMING-18#32 Warning
Missing input or output delay  
An input delay is missing on data_i[12] relative to clock(s) clk
Related violations: <none>

TIMING-18#33 Warning
Missing input or output delay  
An input delay is missing on data_i[13] relative to clock(s) clk
Related violations: <none>

TIMING-18#34 Warning
Missing input or output delay  
An input delay is missing on data_i[14] relative to clock(s) clk
Related violations: <none>

TIMING-18#35 Warning
Missing input or output delay  
An input delay is missing on data_i[15] relative to clock(s) clk
Related violations: <none>

TIMING-18#36 Warning
Missing input or output delay  
An input delay is missing on data_i[16] relative to clock(s) clk
Related violations: <none>

TIMING-18#37 Warning
Missing input or output delay  
An input delay is missing on data_i[17] relative to clock(s) clk
Related violations: <none>

TIMING-18#38 Warning
Missing input or output delay  
An input delay is missing on data_i[18] relative to clock(s) clk
Related violations: <none>

TIMING-18#39 Warning
Missing input or output delay  
An input delay is missing on data_i[19] relative to clock(s) clk
Related violations: <none>

TIMING-18#40 Warning
Missing input or output delay  
An input delay is missing on data_i[1] relative to clock(s) clk
Related violations: <none>

TIMING-18#41 Warning
Missing input or output delay  
An input delay is missing on data_i[20] relative to clock(s) clk
Related violations: <none>

TIMING-18#42 Warning
Missing input or output delay  
An input delay is missing on data_i[21] relative to clock(s) clk
Related violations: <none>

TIMING-18#43 Warning
Missing input or output delay  
An input delay is missing on data_i[22] relative to clock(s) clk
Related violations: <none>

TIMING-18#44 Warning
Missing input or output delay  
An input delay is missing on data_i[23] relative to clock(s) clk
Related violations: <none>

TIMING-18#45 Warning
Missing input or output delay  
An input delay is missing on data_i[24] relative to clock(s) clk
Related violations: <none>

TIMING-18#46 Warning
Missing input or output delay  
An input delay is missing on data_i[25] relative to clock(s) clk
Related violations: <none>

TIMING-18#47 Warning
Missing input or output delay  
An input delay is missing on data_i[26] relative to clock(s) clk
Related violations: <none>

TIMING-18#48 Warning
Missing input or output delay  
An input delay is missing on data_i[27] relative to clock(s) clk
Related violations: <none>

TIMING-18#49 Warning
Missing input or output delay  
An input delay is missing on data_i[28] relative to clock(s) clk
Related violations: <none>

TIMING-18#50 Warning
Missing input or output delay  
An input delay is missing on data_i[29] relative to clock(s) clk
Related violations: <none>

TIMING-18#51 Warning
Missing input or output delay  
An input delay is missing on data_i[2] relative to clock(s) clk
Related violations: <none>

TIMING-18#52 Warning
Missing input or output delay  
An input delay is missing on data_i[30] relative to clock(s) clk
Related violations: <none>

TIMING-18#53 Warning
Missing input or output delay  
An input delay is missing on data_i[31] relative to clock(s) clk
Related violations: <none>

TIMING-18#54 Warning
Missing input or output delay  
An input delay is missing on data_i[32] relative to clock(s) clk
Related violations: <none>

TIMING-18#55 Warning
Missing input or output delay  
An input delay is missing on data_i[33] relative to clock(s) clk
Related violations: <none>

TIMING-18#56 Warning
Missing input or output delay  
An input delay is missing on data_i[34] relative to clock(s) clk
Related violations: <none>

TIMING-18#57 Warning
Missing input or output delay  
An input delay is missing on data_i[35] relative to clock(s) clk
Related violations: <none>

TIMING-18#58 Warning
Missing input or output delay  
An input delay is missing on data_i[36] relative to clock(s) clk
Related violations: <none>

TIMING-18#59 Warning
Missing input or output delay  
An input delay is missing on data_i[37] relative to clock(s) clk
Related violations: <none>

TIMING-18#60 Warning
Missing input or output delay  
An input delay is missing on data_i[38] relative to clock(s) clk
Related violations: <none>

TIMING-18#61 Warning
Missing input or output delay  
An input delay is missing on data_i[39] relative to clock(s) clk
Related violations: <none>

TIMING-18#62 Warning
Missing input or output delay  
An input delay is missing on data_i[3] relative to clock(s) clk
Related violations: <none>

TIMING-18#63 Warning
Missing input or output delay  
An input delay is missing on data_i[40] relative to clock(s) clk
Related violations: <none>

TIMING-18#64 Warning
Missing input or output delay  
An input delay is missing on data_i[41] relative to clock(s) clk
Related violations: <none>

TIMING-18#65 Warning
Missing input or output delay  
An input delay is missing on data_i[42] relative to clock(s) clk
Related violations: <none>

TIMING-18#66 Warning
Missing input or output delay  
An input delay is missing on data_i[43] relative to clock(s) clk
Related violations: <none>

TIMING-18#67 Warning
Missing input or output delay  
An input delay is missing on data_i[44] relative to clock(s) clk
Related violations: <none>

TIMING-18#68 Warning
Missing input or output delay  
An input delay is missing on data_i[45] relative to clock(s) clk
Related violations: <none>

TIMING-18#69 Warning
Missing input or output delay  
An input delay is missing on data_i[46] relative to clock(s) clk
Related violations: <none>

TIMING-18#70 Warning
Missing input or output delay  
An input delay is missing on data_i[47] relative to clock(s) clk
Related violations: <none>

TIMING-18#71 Warning
Missing input or output delay  
An input delay is missing on data_i[48] relative to clock(s) clk
Related violations: <none>

TIMING-18#72 Warning
Missing input or output delay  
An input delay is missing on data_i[49] relative to clock(s) clk
Related violations: <none>

TIMING-18#73 Warning
Missing input or output delay  
An input delay is missing on data_i[4] relative to clock(s) clk
Related violations: <none>

TIMING-18#74 Warning
Missing input or output delay  
An input delay is missing on data_i[50] relative to clock(s) clk
Related violations: <none>

TIMING-18#75 Warning
Missing input or output delay  
An input delay is missing on data_i[51] relative to clock(s) clk
Related violations: <none>

TIMING-18#76 Warning
Missing input or output delay  
An input delay is missing on data_i[52] relative to clock(s) clk
Related violations: <none>

TIMING-18#77 Warning
Missing input or output delay  
An input delay is missing on data_i[53] relative to clock(s) clk
Related violations: <none>

TIMING-18#78 Warning
Missing input or output delay  
An input delay is missing on data_i[54] relative to clock(s) clk
Related violations: <none>

TIMING-18#79 Warning
Missing input or output delay  
An input delay is missing on data_i[55] relative to clock(s) clk
Related violations: <none>

TIMING-18#80 Warning
Missing input or output delay  
An input delay is missing on data_i[56] relative to clock(s) clk
Related violations: <none>

TIMING-18#81 Warning
Missing input or output delay  
An input delay is missing on data_i[57] relative to clock(s) clk
Related violations: <none>

TIMING-18#82 Warning
Missing input or output delay  
An input delay is missing on data_i[58] relative to clock(s) clk
Related violations: <none>

TIMING-18#83 Warning
Missing input or output delay  
An input delay is missing on data_i[59] relative to clock(s) clk
Related violations: <none>

TIMING-18#84 Warning
Missing input or output delay  
An input delay is missing on data_i[5] relative to clock(s) clk
Related violations: <none>

TIMING-18#85 Warning
Missing input or output delay  
An input delay is missing on data_i[60] relative to clock(s) clk
Related violations: <none>

TIMING-18#86 Warning
Missing input or output delay  
An input delay is missing on data_i[61] relative to clock(s) clk
Related violations: <none>

TIMING-18#87 Warning
Missing input or output delay  
An input delay is missing on data_i[62] relative to clock(s) clk
Related violations: <none>

TIMING-18#88 Warning
Missing input or output delay  
An input delay is missing on data_i[63] relative to clock(s) clk
Related violations: <none>

TIMING-18#89 Warning
Missing input or output delay  
An input delay is missing on data_i[64] relative to clock(s) clk
Related violations: <none>

TIMING-18#90 Warning
Missing input or output delay  
An input delay is missing on data_i[65] relative to clock(s) clk
Related violations: <none>

TIMING-18#91 Warning
Missing input or output delay  
An input delay is missing on data_i[66] relative to clock(s) clk
Related violations: <none>

TIMING-18#92 Warning
Missing input or output delay  
An input delay is missing on data_i[67] relative to clock(s) clk
Related violations: <none>

TIMING-18#93 Warning
Missing input or output delay  
An input delay is missing on data_i[68] relative to clock(s) clk
Related violations: <none>

TIMING-18#94 Warning
Missing input or output delay  
An input delay is missing on data_i[69] relative to clock(s) clk
Related violations: <none>

TIMING-18#95 Warning
Missing input or output delay  
An input delay is missing on data_i[6] relative to clock(s) clk
Related violations: <none>

TIMING-18#96 Warning
Missing input or output delay  
An input delay is missing on data_i[70] relative to clock(s) clk
Related violations: <none>

TIMING-18#97 Warning
Missing input or output delay  
An input delay is missing on data_i[71] relative to clock(s) clk
Related violations: <none>

TIMING-18#98 Warning
Missing input or output delay  
An input delay is missing on data_i[72] relative to clock(s) clk
Related violations: <none>

TIMING-18#99 Warning
Missing input or output delay  
An input delay is missing on data_i[73] relative to clock(s) clk
Related violations: <none>

TIMING-18#100 Warning
Missing input or output delay  
An input delay is missing on data_i[74] relative to clock(s) clk
Related violations: <none>

TIMING-18#101 Warning
Missing input or output delay  
An input delay is missing on data_i[75] relative to clock(s) clk
Related violations: <none>

TIMING-18#102 Warning
Missing input or output delay  
An input delay is missing on data_i[76] relative to clock(s) clk
Related violations: <none>

TIMING-18#103 Warning
Missing input or output delay  
An input delay is missing on data_i[77] relative to clock(s) clk
Related violations: <none>

TIMING-18#104 Warning
Missing input or output delay  
An input delay is missing on data_i[78] relative to clock(s) clk
Related violations: <none>

TIMING-18#105 Warning
Missing input or output delay  
An input delay is missing on data_i[79] relative to clock(s) clk
Related violations: <none>

TIMING-18#106 Warning
Missing input or output delay  
An input delay is missing on data_i[7] relative to clock(s) clk
Related violations: <none>

TIMING-18#107 Warning
Missing input or output delay  
An input delay is missing on data_i[80] relative to clock(s) clk
Related violations: <none>

TIMING-18#108 Warning
Missing input or output delay  
An input delay is missing on data_i[81] relative to clock(s) clk
Related violations: <none>

TIMING-18#109 Warning
Missing input or output delay  
An input delay is missing on data_i[82] relative to clock(s) clk
Related violations: <none>

TIMING-18#110 Warning
Missing input or output delay  
An input delay is missing on data_i[83] relative to clock(s) clk
Related violations: <none>

TIMING-18#111 Warning
Missing input or output delay  
An input delay is missing on data_i[84] relative to clock(s) clk
Related violations: <none>

TIMING-18#112 Warning
Missing input or output delay  
An input delay is missing on data_i[85] relative to clock(s) clk
Related violations: <none>

TIMING-18#113 Warning
Missing input or output delay  
An input delay is missing on data_i[86] relative to clock(s) clk
Related violations: <none>

TIMING-18#114 Warning
Missing input or output delay  
An input delay is missing on data_i[87] relative to clock(s) clk
Related violations: <none>

TIMING-18#115 Warning
Missing input or output delay  
An input delay is missing on data_i[88] relative to clock(s) clk
Related violations: <none>

TIMING-18#116 Warning
Missing input or output delay  
An input delay is missing on data_i[89] relative to clock(s) clk
Related violations: <none>

TIMING-18#117 Warning
Missing input or output delay  
An input delay is missing on data_i[8] relative to clock(s) clk
Related violations: <none>

TIMING-18#118 Warning
Missing input or output delay  
An input delay is missing on data_i[90] relative to clock(s) clk
Related violations: <none>

TIMING-18#119 Warning
Missing input or output delay  
An input delay is missing on data_i[91] relative to clock(s) clk
Related violations: <none>

TIMING-18#120 Warning
Missing input or output delay  
An input delay is missing on data_i[92] relative to clock(s) clk
Related violations: <none>

TIMING-18#121 Warning
Missing input or output delay  
An input delay is missing on data_i[93] relative to clock(s) clk
Related violations: <none>

TIMING-18#122 Warning
Missing input or output delay  
An input delay is missing on data_i[94] relative to clock(s) clk
Related violations: <none>

TIMING-18#123 Warning
Missing input or output delay  
An input delay is missing on data_i[95] relative to clock(s) clk
Related violations: <none>

TIMING-18#124 Warning
Missing input or output delay  
An input delay is missing on data_i[96] relative to clock(s) clk
Related violations: <none>

TIMING-18#125 Warning
Missing input or output delay  
An input delay is missing on data_i[97] relative to clock(s) clk
Related violations: <none>

TIMING-18#126 Warning
Missing input or output delay  
An input delay is missing on data_i[98] relative to clock(s) clk
Related violations: <none>

TIMING-18#127 Warning
Missing input or output delay  
An input delay is missing on data_i[99] relative to clock(s) clk
Related violations: <none>

TIMING-18#128 Warning
Missing input or output delay  
An input delay is missing on data_i[9] relative to clock(s) clk
Related violations: <none>

TIMING-18#129 Warning
Missing input or output delay  
An input delay is missing on initial_key[0] relative to clock(s) clk
Related violations: <none>

TIMING-18#130 Warning
Missing input or output delay  
An input delay is missing on initial_key[100] relative to clock(s) clk
Related violations: <none>

TIMING-18#131 Warning
Missing input or output delay  
An input delay is missing on initial_key[101] relative to clock(s) clk
Related violations: <none>

TIMING-18#132 Warning
Missing input or output delay  
An input delay is missing on initial_key[102] relative to clock(s) clk
Related violations: <none>

TIMING-18#133 Warning
Missing input or output delay  
An input delay is missing on initial_key[103] relative to clock(s) clk
Related violations: <none>

TIMING-18#134 Warning
Missing input or output delay  
An input delay is missing on initial_key[104] relative to clock(s) clk
Related violations: <none>

TIMING-18#135 Warning
Missing input or output delay  
An input delay is missing on initial_key[105] relative to clock(s) clk
Related violations: <none>

TIMING-18#136 Warning
Missing input or output delay  
An input delay is missing on initial_key[106] relative to clock(s) clk
Related violations: <none>

TIMING-18#137 Warning
Missing input or output delay  
An input delay is missing on initial_key[107] relative to clock(s) clk
Related violations: <none>

TIMING-18#138 Warning
Missing input or output delay  
An input delay is missing on initial_key[108] relative to clock(s) clk
Related violations: <none>

TIMING-18#139 Warning
Missing input or output delay  
An input delay is missing on initial_key[109] relative to clock(s) clk
Related violations: <none>

TIMING-18#140 Warning
Missing input or output delay  
An input delay is missing on initial_key[10] relative to clock(s) clk
Related violations: <none>

TIMING-18#141 Warning
Missing input or output delay  
An input delay is missing on initial_key[110] relative to clock(s) clk
Related violations: <none>

TIMING-18#142 Warning
Missing input or output delay  
An input delay is missing on initial_key[111] relative to clock(s) clk
Related violations: <none>

TIMING-18#143 Warning
Missing input or output delay  
An input delay is missing on initial_key[112] relative to clock(s) clk
Related violations: <none>

TIMING-18#144 Warning
Missing input or output delay  
An input delay is missing on initial_key[113] relative to clock(s) clk
Related violations: <none>

TIMING-18#145 Warning
Missing input or output delay  
An input delay is missing on initial_key[114] relative to clock(s) clk
Related violations: <none>

TIMING-18#146 Warning
Missing input or output delay  
An input delay is missing on initial_key[115] relative to clock(s) clk
Related violations: <none>

TIMING-18#147 Warning
Missing input or output delay  
An input delay is missing on initial_key[116] relative to clock(s) clk
Related violations: <none>

TIMING-18#148 Warning
Missing input or output delay  
An input delay is missing on initial_key[117] relative to clock(s) clk
Related violations: <none>

TIMING-18#149 Warning
Missing input or output delay  
An input delay is missing on initial_key[118] relative to clock(s) clk
Related violations: <none>

TIMING-18#150 Warning
Missing input or output delay  
An input delay is missing on initial_key[119] relative to clock(s) clk
Related violations: <none>

TIMING-18#151 Warning
Missing input or output delay  
An input delay is missing on initial_key[11] relative to clock(s) clk
Related violations: <none>

TIMING-18#152 Warning
Missing input or output delay  
An input delay is missing on initial_key[120] relative to clock(s) clk
Related violations: <none>

TIMING-18#153 Warning
Missing input or output delay  
An input delay is missing on initial_key[121] relative to clock(s) clk
Related violations: <none>

TIMING-18#154 Warning
Missing input or output delay  
An input delay is missing on initial_key[122] relative to clock(s) clk
Related violations: <none>

TIMING-18#155 Warning
Missing input or output delay  
An input delay is missing on initial_key[123] relative to clock(s) clk
Related violations: <none>

TIMING-18#156 Warning
Missing input or output delay  
An input delay is missing on initial_key[124] relative to clock(s) clk
Related violations: <none>

TIMING-18#157 Warning
Missing input or output delay  
An input delay is missing on initial_key[125] relative to clock(s) clk
Related violations: <none>

TIMING-18#158 Warning
Missing input or output delay  
An input delay is missing on initial_key[126] relative to clock(s) clk
Related violations: <none>

TIMING-18#159 Warning
Missing input or output delay  
An input delay is missing on initial_key[127] relative to clock(s) clk
Related violations: <none>

TIMING-18#160 Warning
Missing input or output delay  
An input delay is missing on initial_key[12] relative to clock(s) clk
Related violations: <none>

TIMING-18#161 Warning
Missing input or output delay  
An input delay is missing on initial_key[13] relative to clock(s) clk
Related violations: <none>

TIMING-18#162 Warning
Missing input or output delay  
An input delay is missing on initial_key[14] relative to clock(s) clk
Related violations: <none>

TIMING-18#163 Warning
Missing input or output delay  
An input delay is missing on initial_key[15] relative to clock(s) clk
Related violations: <none>

TIMING-18#164 Warning
Missing input or output delay  
An input delay is missing on initial_key[16] relative to clock(s) clk
Related violations: <none>

TIMING-18#165 Warning
Missing input or output delay  
An input delay is missing on initial_key[17] relative to clock(s) clk
Related violations: <none>

TIMING-18#166 Warning
Missing input or output delay  
An input delay is missing on initial_key[18] relative to clock(s) clk
Related violations: <none>

TIMING-18#167 Warning
Missing input or output delay  
An input delay is missing on initial_key[19] relative to clock(s) clk
Related violations: <none>

TIMING-18#168 Warning
Missing input or output delay  
An input delay is missing on initial_key[1] relative to clock(s) clk
Related violations: <none>

TIMING-18#169 Warning
Missing input or output delay  
An input delay is missing on initial_key[20] relative to clock(s) clk
Related violations: <none>

TIMING-18#170 Warning
Missing input or output delay  
An input delay is missing on initial_key[21] relative to clock(s) clk
Related violations: <none>

TIMING-18#171 Warning
Missing input or output delay  
An input delay is missing on initial_key[22] relative to clock(s) clk
Related violations: <none>

TIMING-18#172 Warning
Missing input or output delay  
An input delay is missing on initial_key[23] relative to clock(s) clk
Related violations: <none>

TIMING-18#173 Warning
Missing input or output delay  
An input delay is missing on initial_key[24] relative to clock(s) clk
Related violations: <none>

TIMING-18#174 Warning
Missing input or output delay  
An input delay is missing on initial_key[25] relative to clock(s) clk
Related violations: <none>

TIMING-18#175 Warning
Missing input or output delay  
An input delay is missing on initial_key[26] relative to clock(s) clk
Related violations: <none>

TIMING-18#176 Warning
Missing input or output delay  
An input delay is missing on initial_key[27] relative to clock(s) clk
Related violations: <none>

TIMING-18#177 Warning
Missing input or output delay  
An input delay is missing on initial_key[28] relative to clock(s) clk
Related violations: <none>

TIMING-18#178 Warning
Missing input or output delay  
An input delay is missing on initial_key[29] relative to clock(s) clk
Related violations: <none>

TIMING-18#179 Warning
Missing input or output delay  
An input delay is missing on initial_key[2] relative to clock(s) clk
Related violations: <none>

TIMING-18#180 Warning
Missing input or output delay  
An input delay is missing on initial_key[30] relative to clock(s) clk
Related violations: <none>

TIMING-18#181 Warning
Missing input or output delay  
An input delay is missing on initial_key[31] relative to clock(s) clk
Related violations: <none>

TIMING-18#182 Warning
Missing input or output delay  
An input delay is missing on initial_key[32] relative to clock(s) clk
Related violations: <none>

TIMING-18#183 Warning
Missing input or output delay  
An input delay is missing on initial_key[33] relative to clock(s) clk
Related violations: <none>

TIMING-18#184 Warning
Missing input or output delay  
An input delay is missing on initial_key[34] relative to clock(s) clk
Related violations: <none>

TIMING-18#185 Warning
Missing input or output delay  
An input delay is missing on initial_key[35] relative to clock(s) clk
Related violations: <none>

TIMING-18#186 Warning
Missing input or output delay  
An input delay is missing on initial_key[36] relative to clock(s) clk
Related violations: <none>

TIMING-18#187 Warning
Missing input or output delay  
An input delay is missing on initial_key[37] relative to clock(s) clk
Related violations: <none>

TIMING-18#188 Warning
Missing input or output delay  
An input delay is missing on initial_key[38] relative to clock(s) clk
Related violations: <none>

TIMING-18#189 Warning
Missing input or output delay  
An input delay is missing on initial_key[39] relative to clock(s) clk
Related violations: <none>

TIMING-18#190 Warning
Missing input or output delay  
An input delay is missing on initial_key[3] relative to clock(s) clk
Related violations: <none>

TIMING-18#191 Warning
Missing input or output delay  
An input delay is missing on initial_key[40] relative to clock(s) clk
Related violations: <none>

TIMING-18#192 Warning
Missing input or output delay  
An input delay is missing on initial_key[41] relative to clock(s) clk
Related violations: <none>

TIMING-18#193 Warning
Missing input or output delay  
An input delay is missing on initial_key[42] relative to clock(s) clk
Related violations: <none>

TIMING-18#194 Warning
Missing input or output delay  
An input delay is missing on initial_key[43] relative to clock(s) clk
Related violations: <none>

TIMING-18#195 Warning
Missing input or output delay  
An input delay is missing on initial_key[44] relative to clock(s) clk
Related violations: <none>

TIMING-18#196 Warning
Missing input or output delay  
An input delay is missing on initial_key[45] relative to clock(s) clk
Related violations: <none>

TIMING-18#197 Warning
Missing input or output delay  
An input delay is missing on initial_key[46] relative to clock(s) clk
Related violations: <none>

TIMING-18#198 Warning
Missing input or output delay  
An input delay is missing on initial_key[47] relative to clock(s) clk
Related violations: <none>

TIMING-18#199 Warning
Missing input or output delay  
An input delay is missing on initial_key[48] relative to clock(s) clk
Related violations: <none>

TIMING-18#200 Warning
Missing input or output delay  
An input delay is missing on initial_key[49] relative to clock(s) clk
Related violations: <none>

TIMING-18#201 Warning
Missing input or output delay  
An input delay is missing on initial_key[4] relative to clock(s) clk
Related violations: <none>

TIMING-18#202 Warning
Missing input or output delay  
An input delay is missing on initial_key[50] relative to clock(s) clk
Related violations: <none>

TIMING-18#203 Warning
Missing input or output delay  
An input delay is missing on initial_key[51] relative to clock(s) clk
Related violations: <none>

TIMING-18#204 Warning
Missing input or output delay  
An input delay is missing on initial_key[52] relative to clock(s) clk
Related violations: <none>

TIMING-18#205 Warning
Missing input or output delay  
An input delay is missing on initial_key[53] relative to clock(s) clk
Related violations: <none>

TIMING-18#206 Warning
Missing input or output delay  
An input delay is missing on initial_key[54] relative to clock(s) clk
Related violations: <none>

TIMING-18#207 Warning
Missing input or output delay  
An input delay is missing on initial_key[55] relative to clock(s) clk
Related violations: <none>

TIMING-18#208 Warning
Missing input or output delay  
An input delay is missing on initial_key[56] relative to clock(s) clk
Related violations: <none>

TIMING-18#209 Warning
Missing input or output delay  
An input delay is missing on initial_key[57] relative to clock(s) clk
Related violations: <none>

TIMING-18#210 Warning
Missing input or output delay  
An input delay is missing on initial_key[58] relative to clock(s) clk
Related violations: <none>

TIMING-18#211 Warning
Missing input or output delay  
An input delay is missing on initial_key[59] relative to clock(s) clk
Related violations: <none>

TIMING-18#212 Warning
Missing input or output delay  
An input delay is missing on initial_key[5] relative to clock(s) clk
Related violations: <none>

TIMING-18#213 Warning
Missing input or output delay  
An input delay is missing on initial_key[60] relative to clock(s) clk
Related violations: <none>

TIMING-18#214 Warning
Missing input or output delay  
An input delay is missing on initial_key[61] relative to clock(s) clk
Related violations: <none>

TIMING-18#215 Warning
Missing input or output delay  
An input delay is missing on initial_key[62] relative to clock(s) clk
Related violations: <none>

TIMING-18#216 Warning
Missing input or output delay  
An input delay is missing on initial_key[63] relative to clock(s) clk
Related violations: <none>

TIMING-18#217 Warning
Missing input or output delay  
An input delay is missing on initial_key[64] relative to clock(s) clk
Related violations: <none>

TIMING-18#218 Warning
Missing input or output delay  
An input delay is missing on initial_key[65] relative to clock(s) clk
Related violations: <none>

TIMING-18#219 Warning
Missing input or output delay  
An input delay is missing on initial_key[66] relative to clock(s) clk
Related violations: <none>

TIMING-18#220 Warning
Missing input or output delay  
An input delay is missing on initial_key[67] relative to clock(s) clk
Related violations: <none>

TIMING-18#221 Warning
Missing input or output delay  
An input delay is missing on initial_key[68] relative to clock(s) clk
Related violations: <none>

TIMING-18#222 Warning
Missing input or output delay  
An input delay is missing on initial_key[69] relative to clock(s) clk
Related violations: <none>

TIMING-18#223 Warning
Missing input or output delay  
An input delay is missing on initial_key[6] relative to clock(s) clk
Related violations: <none>

TIMING-18#224 Warning
Missing input or output delay  
An input delay is missing on initial_key[70] relative to clock(s) clk
Related violations: <none>

TIMING-18#225 Warning
Missing input or output delay  
An input delay is missing on initial_key[71] relative to clock(s) clk
Related violations: <none>

TIMING-18#226 Warning
Missing input or output delay  
An input delay is missing on initial_key[72] relative to clock(s) clk
Related violations: <none>

TIMING-18#227 Warning
Missing input or output delay  
An input delay is missing on initial_key[73] relative to clock(s) clk
Related violations: <none>

TIMING-18#228 Warning
Missing input or output delay  
An input delay is missing on initial_key[74] relative to clock(s) clk
Related violations: <none>

TIMING-18#229 Warning
Missing input or output delay  
An input delay is missing on initial_key[75] relative to clock(s) clk
Related violations: <none>

TIMING-18#230 Warning
Missing input or output delay  
An input delay is missing on initial_key[76] relative to clock(s) clk
Related violations: <none>

TIMING-18#231 Warning
Missing input or output delay  
An input delay is missing on initial_key[77] relative to clock(s) clk
Related violations: <none>

TIMING-18#232 Warning
Missing input or output delay  
An input delay is missing on initial_key[78] relative to clock(s) clk
Related violations: <none>

TIMING-18#233 Warning
Missing input or output delay  
An input delay is missing on initial_key[79] relative to clock(s) clk
Related violations: <none>

TIMING-18#234 Warning
Missing input or output delay  
An input delay is missing on initial_key[7] relative to clock(s) clk
Related violations: <none>

TIMING-18#235 Warning
Missing input or output delay  
An input delay is missing on initial_key[80] relative to clock(s) clk
Related violations: <none>

TIMING-18#236 Warning
Missing input or output delay  
An input delay is missing on initial_key[81] relative to clock(s) clk
Related violations: <none>

TIMING-18#237 Warning
Missing input or output delay  
An input delay is missing on initial_key[82] relative to clock(s) clk
Related violations: <none>

TIMING-18#238 Warning
Missing input or output delay  
An input delay is missing on initial_key[83] relative to clock(s) clk
Related violations: <none>

TIMING-18#239 Warning
Missing input or output delay  
An input delay is missing on initial_key[84] relative to clock(s) clk
Related violations: <none>

TIMING-18#240 Warning
Missing input or output delay  
An input delay is missing on initial_key[85] relative to clock(s) clk
Related violations: <none>

TIMING-18#241 Warning
Missing input or output delay  
An input delay is missing on initial_key[86] relative to clock(s) clk
Related violations: <none>

TIMING-18#242 Warning
Missing input or output delay  
An input delay is missing on initial_key[87] relative to clock(s) clk
Related violations: <none>

TIMING-18#243 Warning
Missing input or output delay  
An input delay is missing on initial_key[88] relative to clock(s) clk
Related violations: <none>

TIMING-18#244 Warning
Missing input or output delay  
An input delay is missing on initial_key[89] relative to clock(s) clk
Related violations: <none>

TIMING-18#245 Warning
Missing input or output delay  
An input delay is missing on initial_key[8] relative to clock(s) clk
Related violations: <none>

TIMING-18#246 Warning
Missing input or output delay  
An input delay is missing on initial_key[90] relative to clock(s) clk
Related violations: <none>

TIMING-18#247 Warning
Missing input or output delay  
An input delay is missing on initial_key[91] relative to clock(s) clk
Related violations: <none>

TIMING-18#248 Warning
Missing input or output delay  
An input delay is missing on initial_key[92] relative to clock(s) clk
Related violations: <none>

TIMING-18#249 Warning
Missing input or output delay  
An input delay is missing on initial_key[93] relative to clock(s) clk
Related violations: <none>

TIMING-18#250 Warning
Missing input or output delay  
An input delay is missing on initial_key[94] relative to clock(s) clk
Related violations: <none>

TIMING-18#251 Warning
Missing input or output delay  
An input delay is missing on initial_key[95] relative to clock(s) clk
Related violations: <none>

TIMING-18#252 Warning
Missing input or output delay  
An input delay is missing on initial_key[96] relative to clock(s) clk
Related violations: <none>

TIMING-18#253 Warning
Missing input or output delay  
An input delay is missing on initial_key[97] relative to clock(s) clk
Related violations: <none>

TIMING-18#254 Warning
Missing input or output delay  
An input delay is missing on initial_key[98] relative to clock(s) clk
Related violations: <none>

TIMING-18#255 Warning
Missing input or output delay  
An input delay is missing on initial_key[99] relative to clock(s) clk
Related violations: <none>

TIMING-18#256 Warning
Missing input or output delay  
An input delay is missing on initial_key[9] relative to clock(s) clk
Related violations: <none>

TIMING-18#257 Warning
Missing input or output delay  
An input delay is missing on rst relative to clock(s) clk
Related violations: <none>

TIMING-18#258 Warning
Missing input or output delay  
An input delay is missing on start relative to clock(s) clk
Related violations: <none>

TIMING-18#259 Warning
Missing input or output delay  
An output delay is missing on data_o[0] relative to clock(s) clk
Related violations: <none>

TIMING-18#260 Warning
Missing input or output delay  
An output delay is missing on data_o[100] relative to clock(s) clk
Related violations: <none>

TIMING-18#261 Warning
Missing input or output delay  
An output delay is missing on data_o[101] relative to clock(s) clk
Related violations: <none>

TIMING-18#262 Warning
Missing input or output delay  
An output delay is missing on data_o[102] relative to clock(s) clk
Related violations: <none>

TIMING-18#263 Warning
Missing input or output delay  
An output delay is missing on data_o[103] relative to clock(s) clk
Related violations: <none>

TIMING-18#264 Warning
Missing input or output delay  
An output delay is missing on data_o[104] relative to clock(s) clk
Related violations: <none>

TIMING-18#265 Warning
Missing input or output delay  
An output delay is missing on data_o[105] relative to clock(s) clk
Related violations: <none>

TIMING-18#266 Warning
Missing input or output delay  
An output delay is missing on data_o[106] relative to clock(s) clk
Related violations: <none>

TIMING-18#267 Warning
Missing input or output delay  
An output delay is missing on data_o[107] relative to clock(s) clk
Related violations: <none>

TIMING-18#268 Warning
Missing input or output delay  
An output delay is missing on data_o[108] relative to clock(s) clk
Related violations: <none>

TIMING-18#269 Warning
Missing input or output delay  
An output delay is missing on data_o[109] relative to clock(s) clk
Related violations: <none>

TIMING-18#270 Warning
Missing input or output delay  
An output delay is missing on data_o[10] relative to clock(s) clk
Related violations: <none>

TIMING-18#271 Warning
Missing input or output delay  
An output delay is missing on data_o[110] relative to clock(s) clk
Related violations: <none>

TIMING-18#272 Warning
Missing input or output delay  
An output delay is missing on data_o[111] relative to clock(s) clk
Related violations: <none>

TIMING-18#273 Warning
Missing input or output delay  
An output delay is missing on data_o[112] relative to clock(s) clk
Related violations: <none>

TIMING-18#274 Warning
Missing input or output delay  
An output delay is missing on data_o[113] relative to clock(s) clk
Related violations: <none>

TIMING-18#275 Warning
Missing input or output delay  
An output delay is missing on data_o[114] relative to clock(s) clk
Related violations: <none>

TIMING-18#276 Warning
Missing input or output delay  
An output delay is missing on data_o[115] relative to clock(s) clk
Related violations: <none>

TIMING-18#277 Warning
Missing input or output delay  
An output delay is missing on data_o[116] relative to clock(s) clk
Related violations: <none>

TIMING-18#278 Warning
Missing input or output delay  
An output delay is missing on data_o[117] relative to clock(s) clk
Related violations: <none>

TIMING-18#279 Warning
Missing input or output delay  
An output delay is missing on data_o[118] relative to clock(s) clk
Related violations: <none>

TIMING-18#280 Warning
Missing input or output delay  
An output delay is missing on data_o[119] relative to clock(s) clk
Related violations: <none>

TIMING-18#281 Warning
Missing input or output delay  
An output delay is missing on data_o[11] relative to clock(s) clk
Related violations: <none>

TIMING-18#282 Warning
Missing input or output delay  
An output delay is missing on data_o[120] relative to clock(s) clk
Related violations: <none>

TIMING-18#283 Warning
Missing input or output delay  
An output delay is missing on data_o[121] relative to clock(s) clk
Related violations: <none>

TIMING-18#284 Warning
Missing input or output delay  
An output delay is missing on data_o[122] relative to clock(s) clk
Related violations: <none>

TIMING-18#285 Warning
Missing input or output delay  
An output delay is missing on data_o[123] relative to clock(s) clk
Related violations: <none>

TIMING-18#286 Warning
Missing input or output delay  
An output delay is missing on data_o[124] relative to clock(s) clk
Related violations: <none>

TIMING-18#287 Warning
Missing input or output delay  
An output delay is missing on data_o[125] relative to clock(s) clk
Related violations: <none>

TIMING-18#288 Warning
Missing input or output delay  
An output delay is missing on data_o[126] relative to clock(s) clk
Related violations: <none>

TIMING-18#289 Warning
Missing input or output delay  
An output delay is missing on data_o[127] relative to clock(s) clk
Related violations: <none>

TIMING-18#290 Warning
Missing input or output delay  
An output delay is missing on data_o[12] relative to clock(s) clk
Related violations: <none>

TIMING-18#291 Warning
Missing input or output delay  
An output delay is missing on data_o[13] relative to clock(s) clk
Related violations: <none>

TIMING-18#292 Warning
Missing input or output delay  
An output delay is missing on data_o[14] relative to clock(s) clk
Related violations: <none>

TIMING-18#293 Warning
Missing input or output delay  
An output delay is missing on data_o[15] relative to clock(s) clk
Related violations: <none>

TIMING-18#294 Warning
Missing input or output delay  
An output delay is missing on data_o[16] relative to clock(s) clk
Related violations: <none>

TIMING-18#295 Warning
Missing input or output delay  
An output delay is missing on data_o[17] relative to clock(s) clk
Related violations: <none>

TIMING-18#296 Warning
Missing input or output delay  
An output delay is missing on data_o[18] relative to clock(s) clk
Related violations: <none>

TIMING-18#297 Warning
Missing input or output delay  
An output delay is missing on data_o[19] relative to clock(s) clk
Related violations: <none>

TIMING-18#298 Warning
Missing input or output delay  
An output delay is missing on data_o[1] relative to clock(s) clk
Related violations: <none>

TIMING-18#299 Warning
Missing input or output delay  
An output delay is missing on data_o[20] relative to clock(s) clk
Related violations: <none>

TIMING-18#300 Warning
Missing input or output delay  
An output delay is missing on data_o[21] relative to clock(s) clk
Related violations: <none>

TIMING-18#301 Warning
Missing input or output delay  
An output delay is missing on data_o[22] relative to clock(s) clk
Related violations: <none>

TIMING-18#302 Warning
Missing input or output delay  
An output delay is missing on data_o[23] relative to clock(s) clk
Related violations: <none>

TIMING-18#303 Warning
Missing input or output delay  
An output delay is missing on data_o[24] relative to clock(s) clk
Related violations: <none>

TIMING-18#304 Warning
Missing input or output delay  
An output delay is missing on data_o[25] relative to clock(s) clk
Related violations: <none>

TIMING-18#305 Warning
Missing input or output delay  
An output delay is missing on data_o[26] relative to clock(s) clk
Related violations: <none>

TIMING-18#306 Warning
Missing input or output delay  
An output delay is missing on data_o[27] relative to clock(s) clk
Related violations: <none>

TIMING-18#307 Warning
Missing input or output delay  
An output delay is missing on data_o[28] relative to clock(s) clk
Related violations: <none>

TIMING-18#308 Warning
Missing input or output delay  
An output delay is missing on data_o[29] relative to clock(s) clk
Related violations: <none>

TIMING-18#309 Warning
Missing input or output delay  
An output delay is missing on data_o[2] relative to clock(s) clk
Related violations: <none>

TIMING-18#310 Warning
Missing input or output delay  
An output delay is missing on data_o[30] relative to clock(s) clk
Related violations: <none>

TIMING-18#311 Warning
Missing input or output delay  
An output delay is missing on data_o[31] relative to clock(s) clk
Related violations: <none>

TIMING-18#312 Warning
Missing input or output delay  
An output delay is missing on data_o[32] relative to clock(s) clk
Related violations: <none>

TIMING-18#313 Warning
Missing input or output delay  
An output delay is missing on data_o[33] relative to clock(s) clk
Related violations: <none>

TIMING-18#314 Warning
Missing input or output delay  
An output delay is missing on data_o[34] relative to clock(s) clk
Related violations: <none>

TIMING-18#315 Warning
Missing input or output delay  
An output delay is missing on data_o[35] relative to clock(s) clk
Related violations: <none>

TIMING-18#316 Warning
Missing input or output delay  
An output delay is missing on data_o[36] relative to clock(s) clk
Related violations: <none>

TIMING-18#317 Warning
Missing input or output delay  
An output delay is missing on data_o[37] relative to clock(s) clk
Related violations: <none>

TIMING-18#318 Warning
Missing input or output delay  
An output delay is missing on data_o[38] relative to clock(s) clk
Related violations: <none>

TIMING-18#319 Warning
Missing input or output delay  
An output delay is missing on data_o[39] relative to clock(s) clk
Related violations: <none>

TIMING-18#320 Warning
Missing input or output delay  
An output delay is missing on data_o[3] relative to clock(s) clk
Related violations: <none>

TIMING-18#321 Warning
Missing input or output delay  
An output delay is missing on data_o[40] relative to clock(s) clk
Related violations: <none>

TIMING-18#322 Warning
Missing input or output delay  
An output delay is missing on data_o[41] relative to clock(s) clk
Related violations: <none>

TIMING-18#323 Warning
Missing input or output delay  
An output delay is missing on data_o[42] relative to clock(s) clk
Related violations: <none>

TIMING-18#324 Warning
Missing input or output delay  
An output delay is missing on data_o[43] relative to clock(s) clk
Related violations: <none>

TIMING-18#325 Warning
Missing input or output delay  
An output delay is missing on data_o[44] relative to clock(s) clk
Related violations: <none>

TIMING-18#326 Warning
Missing input or output delay  
An output delay is missing on data_o[45] relative to clock(s) clk
Related violations: <none>

TIMING-18#327 Warning
Missing input or output delay  
An output delay is missing on data_o[46] relative to clock(s) clk
Related violations: <none>

TIMING-18#328 Warning
Missing input or output delay  
An output delay is missing on data_o[47] relative to clock(s) clk
Related violations: <none>

TIMING-18#329 Warning
Missing input or output delay  
An output delay is missing on data_o[48] relative to clock(s) clk
Related violations: <none>

TIMING-18#330 Warning
Missing input or output delay  
An output delay is missing on data_o[49] relative to clock(s) clk
Related violations: <none>

TIMING-18#331 Warning
Missing input or output delay  
An output delay is missing on data_o[4] relative to clock(s) clk
Related violations: <none>

TIMING-18#332 Warning
Missing input or output delay  
An output delay is missing on data_o[50] relative to clock(s) clk
Related violations: <none>

TIMING-18#333 Warning
Missing input or output delay  
An output delay is missing on data_o[51] relative to clock(s) clk
Related violations: <none>

TIMING-18#334 Warning
Missing input or output delay  
An output delay is missing on data_o[52] relative to clock(s) clk
Related violations: <none>

TIMING-18#335 Warning
Missing input or output delay  
An output delay is missing on data_o[53] relative to clock(s) clk
Related violations: <none>

TIMING-18#336 Warning
Missing input or output delay  
An output delay is missing on data_o[54] relative to clock(s) clk
Related violations: <none>

TIMING-18#337 Warning
Missing input or output delay  
An output delay is missing on data_o[55] relative to clock(s) clk
Related violations: <none>

TIMING-18#338 Warning
Missing input or output delay  
An output delay is missing on data_o[56] relative to clock(s) clk
Related violations: <none>

TIMING-18#339 Warning
Missing input or output delay  
An output delay is missing on data_o[57] relative to clock(s) clk
Related violations: <none>

TIMING-18#340 Warning
Missing input or output delay  
An output delay is missing on data_o[58] relative to clock(s) clk
Related violations: <none>

TIMING-18#341 Warning
Missing input or output delay  
An output delay is missing on data_o[59] relative to clock(s) clk
Related violations: <none>

TIMING-18#342 Warning
Missing input or output delay  
An output delay is missing on data_o[5] relative to clock(s) clk
Related violations: <none>

TIMING-18#343 Warning
Missing input or output delay  
An output delay is missing on data_o[60] relative to clock(s) clk
Related violations: <none>

TIMING-18#344 Warning
Missing input or output delay  
An output delay is missing on data_o[61] relative to clock(s) clk
Related violations: <none>

TIMING-18#345 Warning
Missing input or output delay  
An output delay is missing on data_o[62] relative to clock(s) clk
Related violations: <none>

TIMING-18#346 Warning
Missing input or output delay  
An output delay is missing on data_o[63] relative to clock(s) clk
Related violations: <none>

TIMING-18#347 Warning
Missing input or output delay  
An output delay is missing on data_o[64] relative to clock(s) clk
Related violations: <none>

TIMING-18#348 Warning
Missing input or output delay  
An output delay is missing on data_o[65] relative to clock(s) clk
Related violations: <none>

TIMING-18#349 Warning
Missing input or output delay  
An output delay is missing on data_o[66] relative to clock(s) clk
Related violations: <none>

TIMING-18#350 Warning
Missing input or output delay  
An output delay is missing on data_o[67] relative to clock(s) clk
Related violations: <none>

TIMING-18#351 Warning
Missing input or output delay  
An output delay is missing on data_o[68] relative to clock(s) clk
Related violations: <none>

TIMING-18#352 Warning
Missing input or output delay  
An output delay is missing on data_o[69] relative to clock(s) clk
Related violations: <none>

TIMING-18#353 Warning
Missing input or output delay  
An output delay is missing on data_o[6] relative to clock(s) clk
Related violations: <none>

TIMING-18#354 Warning
Missing input or output delay  
An output delay is missing on data_o[70] relative to clock(s) clk
Related violations: <none>

TIMING-18#355 Warning
Missing input or output delay  
An output delay is missing on data_o[71] relative to clock(s) clk
Related violations: <none>

TIMING-18#356 Warning
Missing input or output delay  
An output delay is missing on data_o[72] relative to clock(s) clk
Related violations: <none>

TIMING-18#357 Warning
Missing input or output delay  
An output delay is missing on data_o[73] relative to clock(s) clk
Related violations: <none>

TIMING-18#358 Warning
Missing input or output delay  
An output delay is missing on data_o[74] relative to clock(s) clk
Related violations: <none>

TIMING-18#359 Warning
Missing input or output delay  
An output delay is missing on data_o[75] relative to clock(s) clk
Related violations: <none>

TIMING-18#360 Warning
Missing input or output delay  
An output delay is missing on data_o[76] relative to clock(s) clk
Related violations: <none>

TIMING-18#361 Warning
Missing input or output delay  
An output delay is missing on data_o[77] relative to clock(s) clk
Related violations: <none>

TIMING-18#362 Warning
Missing input or output delay  
An output delay is missing on data_o[78] relative to clock(s) clk
Related violations: <none>

TIMING-18#363 Warning
Missing input or output delay  
An output delay is missing on data_o[79] relative to clock(s) clk
Related violations: <none>

TIMING-18#364 Warning
Missing input or output delay  
An output delay is missing on data_o[7] relative to clock(s) clk
Related violations: <none>

TIMING-18#365 Warning
Missing input or output delay  
An output delay is missing on data_o[80] relative to clock(s) clk
Related violations: <none>

TIMING-18#366 Warning
Missing input or output delay  
An output delay is missing on data_o[81] relative to clock(s) clk
Related violations: <none>

TIMING-18#367 Warning
Missing input or output delay  
An output delay is missing on data_o[82] relative to clock(s) clk
Related violations: <none>

TIMING-18#368 Warning
Missing input or output delay  
An output delay is missing on data_o[83] relative to clock(s) clk
Related violations: <none>

TIMING-18#369 Warning
Missing input or output delay  
An output delay is missing on data_o[84] relative to clock(s) clk
Related violations: <none>

TIMING-18#370 Warning
Missing input or output delay  
An output delay is missing on data_o[85] relative to clock(s) clk
Related violations: <none>

TIMING-18#371 Warning
Missing input or output delay  
An output delay is missing on data_o[86] relative to clock(s) clk
Related violations: <none>

TIMING-18#372 Warning
Missing input or output delay  
An output delay is missing on data_o[87] relative to clock(s) clk
Related violations: <none>

TIMING-18#373 Warning
Missing input or output delay  
An output delay is missing on data_o[88] relative to clock(s) clk
Related violations: <none>

TIMING-18#374 Warning
Missing input or output delay  
An output delay is missing on data_o[89] relative to clock(s) clk
Related violations: <none>

TIMING-18#375 Warning
Missing input or output delay  
An output delay is missing on data_o[8] relative to clock(s) clk
Related violations: <none>

TIMING-18#376 Warning
Missing input or output delay  
An output delay is missing on data_o[90] relative to clock(s) clk
Related violations: <none>

TIMING-18#377 Warning
Missing input or output delay  
An output delay is missing on data_o[91] relative to clock(s) clk
Related violations: <none>

TIMING-18#378 Warning
Missing input or output delay  
An output delay is missing on data_o[92] relative to clock(s) clk
Related violations: <none>

TIMING-18#379 Warning
Missing input or output delay  
An output delay is missing on data_o[93] relative to clock(s) clk
Related violations: <none>

TIMING-18#380 Warning
Missing input or output delay  
An output delay is missing on data_o[94] relative to clock(s) clk
Related violations: <none>

TIMING-18#381 Warning
Missing input or output delay  
An output delay is missing on data_o[95] relative to clock(s) clk
Related violations: <none>

TIMING-18#382 Warning
Missing input or output delay  
An output delay is missing on data_o[96] relative to clock(s) clk
Related violations: <none>

TIMING-18#383 Warning
Missing input or output delay  
An output delay is missing on data_o[97] relative to clock(s) clk
Related violations: <none>

TIMING-18#384 Warning
Missing input or output delay  
An output delay is missing on data_o[98] relative to clock(s) clk
Related violations: <none>

TIMING-18#385 Warning
Missing input or output delay  
An output delay is missing on data_o[99] relative to clock(s) clk
Related violations: <none>

TIMING-18#386 Warning
Missing input or output delay  
An output delay is missing on data_o[9] relative to clock(s) clk
Related violations: <none>

TIMING-18#387 Warning
Missing input or output delay  
An output delay is missing on encryption_done relative to clock(s) clk
Related violations: <none>

XDCB-2#1 Warning
Clock defined on multiple objects  
The clock clk is defined on multiple objects. Although this is logically functional for timing analysis, it cannot exist in hardware. It is recommended to define a primary clock on a single object.
create_clock -period 4.000 -name clk -waveform {0.000 2.000} -add [list [get_ports clk] [get_ports clk]]
C:/Users/nitheesh/Desktop/Course work/advanced_encryption_algorithm/advanced_encryption_algorithm.srcs/constrs_1/new/timing.xdc (Line: 1)
Related violations: <none>


